build/app/intermediates/manifest_merge_blame_file/release/manifest-merger-blame-release-report.txt
1<?xml version="1.0" encoding="utf-8"?>
2<manifest xmlns:android="http://schemas.android.com/apk/res/android"
3    package="com.example.medifit360"
4    android:versionCode="1"
5    android:versionName="1.0.0" >
6
7    <uses-sdk
8        android:minSdkVersion="21"
8-->src\main\AndroidManifest.xml
9        android:targetSdkVersion="30" />
9-->src\main\AndroidManifest.xml
10
11    <uses-permission android:name="android.permission.READ_EXTERNAL_STORAGE" />
11-->[:file_picker] AndroidManifest.xml:7:5-80
11-->[:file_picker] AndroidManifest.xml:7:22-77
12
13    <queries>
13-->[:file_picker] AndroidManifest.xml:9:5-15:15
14        <intent>
14-->[:file_picker] AndroidManifest.xml:10:9-14:18
15            <action android:name="android.intent.action.GET_CONTENT" />
15-->[:file_picker] AndroidManifest.xml:11:13-72
15-->[:file_picker] AndroidManifest.xml:11:21-69
16
17            <data android:mimeType="*/*" />
17-->[:file_picker] AndroidManifest.xml:13:13-44
17-->[:file_picker] AndroidManifest.xml:13:19-41
18        </intent>
19    </queries>
20
21    <uses-permission android:name="android.permission.INTERNET" />
21-->[com.google.firebase:firebase-auth:21.0.1] AndroidManifest.xml:23:5-67
21-->[com.google.firebase:firebase-auth:21.0.1] AndroidManifest.xml:23:22-64
22    <uses-permission android:name="android.permission.ACCESS_NETWORK_STATE" />
22-->[com.google.firebase:firebase-auth:21.0.1] AndroidManifest.xml:24:5-79
22-->[com.google.firebase:firebase-auth:21.0.1] AndroidManifest.xml:24:22-76
23
24    <application
24-->src\main\AndroidManifest.xml:3:4-40:19
25        android:appComponentFactory="androidx.core.app.CoreComponentFactory"
25-->[androidx.core:core:1.1.0] AndroidManifest.xml:24:18-86
26        android:icon="@mipmap/ic_launcher"
26-->src\main\AndroidManifest.xml:5:9-43
27        android:label="medifit360" >
27-->src\main\AndroidManifest.xml:4:9-35
28        <activity
28-->src\main\AndroidManifest.xml:6:9-34:20
29            android:name="com.example.medifit360.MainActivity"
29-->src\main\AndroidManifest.xml:7:13-41
30            android:configChanges="orientation|keyboardHidden|keyboard|screenSize|smallestScreenSize|locale|layoutDirection|fontScale|screenLayout|density|uiMode"
30-->src\main\AndroidManifest.xml:10:13-163
31            android:hardwareAccelerated="true"
31-->src\main\AndroidManifest.xml:11:13-47
32            android:launchMode="singleTop"
32-->src\main\AndroidManifest.xml:8:13-43
33            android:theme="@style/LaunchTheme"
33-->src\main\AndroidManifest.xml:9:13-47
34            android:windowSoftInputMode="adjustResize" >
34-->src\main\AndroidManifest.xml:12:13-55
35
36            <!--
37                 Specifies an Android theme to apply to this Activity as soon as
38                 the Android process has started. This theme is visible to the user
39                 while the Flutter UI initializes. After that, this theme continues
40                 to determine the Window background behind the Flutter UI.
41            -->
42            <meta-data
42-->src\main\AndroidManifest.xml:17:13-20:17
43                android:name="io.flutter.embedding.android.NormalTheme"
43-->src\main\AndroidManifest.xml:18:15-70
44                android:resource="@style/NormalTheme" />
44-->src\main\AndroidManifest.xml:19:15-52
45            <!--
46                 Displays an Android View that continues showing the launch screen
47                 Drawable until Flutter paints its first frame, then this splash
48                 screen fades out. A splash screen is useful to avoid any visual
49                 gap between the end of Android's launch screen and the painting of
50                 Flutter's first frame.
51            -->
52            <meta-data
52-->src\main\AndroidManifest.xml:26:13-29:17
53                android:name="io.flutter.embedding.android.SplashScreenDrawable"
53-->src\main\AndroidManifest.xml:27:15-79
54                android:resource="@drawable/launch_background" />
54-->src\main\AndroidManifest.xml:28:15-61
55
56            <intent-filter>
56-->src\main\AndroidManifest.xml:30:13-33:29
57                <action android:name="android.intent.action.MAIN" />
57-->src\main\AndroidManifest.xml:31:17-68
57-->src\main\AndroidManifest.xml:31:25-66
58
59                <category android:name="android.intent.category.LAUNCHER" />
59-->src\main\AndroidManifest.xml:32:17-76
59-->src\main\AndroidManifest.xml:32:27-74
60            </intent-filter>
61        </activity>
62        <!--
63             Don't delete the meta-data below.
64             This is used by the Flutter tool to generate GeneratedPluginRegistrant.java
65        -->
66        <meta-data
66-->src\main\AndroidManifest.xml:37:9-39:33
67            android:name="flutterEmbedding"
67-->src\main\AndroidManifest.xml:38:13-44
68            android:value="2" />
68-->src\main\AndroidManifest.xml:39:13-30
69
70        <service
70-->[:firebase_auth] AndroidManifest.xml:8:9-12:19
71            android:name="com.google.firebase.components.ComponentDiscoveryService"
71-->[:firebase_auth] AndroidManifest.xml:8:18-89
72            android:directBootAware="true"
72-->[com.google.firebase:firebase-common:20.0.0] AndroidManifest.xml:35:13-43
73            android:exported="false" >
73-->[com.google.firebase:firebase-auth:21.0.1] AndroidManifest.xml:76:13-37
74            <meta-data
74-->[:firebase_auth] AndroidManifest.xml:9:13-11:85
75                android:name="com.google.firebase.components:io.flutter.plugins.firebase.auth.FlutterFirebaseAuthRegistrar"
75-->[:firebase_auth] AndroidManifest.xml:10:17-124
76                android:value="com.google.firebase.components.ComponentRegistrar" />
76-->[:firebase_auth] AndroidManifest.xml:11:17-82
77            <meta-data
77-->[:firebase_storage] AndroidManifest.xml:9:13-11:85
78                android:name="com.google.firebase.components:io.flutter.plugins.firebase.storage.FlutterFirebaseAppRegistrar"
78-->[:firebase_storage] AndroidManifest.xml:10:17-126
79                android:value="com.google.firebase.components.ComponentRegistrar" />
79-->[:firebase_storage] AndroidManifest.xml:11:17-82
80            <meta-data
80-->[:cloud_firestore] AndroidManifest.xml:9:13-11:85
81                android:name="com.google.firebase.components:io.flutter.plugins.firebase.firestore.FlutterFirebaseFirestoreRegistrar"
81-->[:cloud_firestore] AndroidManifest.xml:10:17-134
82                android:value="com.google.firebase.components.ComponentRegistrar" />
82-->[:cloud_firestore] AndroidManifest.xml:11:17-82
83            <meta-data
83-->[:firebase_core] AndroidManifest.xml:9:13-11:85
84                android:name="com.google.firebase.components:io.flutter.plugins.firebase.core.FlutterFirebaseCoreRegistrar"
84-->[:firebase_core] AndroidManifest.xml:10:17-124
85                android:value="com.google.firebase.components.ComponentRegistrar" />
85-->[:firebase_core] AndroidManifest.xml:11:17-82
86            <meta-data
86-->[com.google.firebase:firebase-auth:21.0.1] AndroidManifest.xml:77:13-79:85
87                android:name="com.google.firebase.components:com.google.firebase.auth.FirebaseAuthRegistrar"
87-->[com.google.firebase:firebase-auth:21.0.1] AndroidManifest.xml:78:17-109
88                android:value="com.google.firebase.components.ComponentRegistrar" />
88-->[com.google.firebase:firebase-auth:21.0.1] AndroidManifest.xml:79:17-82
89            <meta-data
89-->[com.google.firebase:firebase-firestore:24.0.0] AndroidManifest.xml:20:13-22:85
90                android:name="com.google.firebase.components:com.google.firebase.firestore.FirestoreRegistrar"
90-->[com.google.firebase:firebase-firestore:24.0.0] AndroidManifest.xml:21:17-111
91                android:value="com.google.firebase.components.ComponentRegistrar" />
91-->[com.google.firebase:firebase-firestore:24.0.0] AndroidManifest.xml:22:17-82
92            <meta-data
92-->[com.google.firebase:firebase-storage:20.0.0] AndroidManifest.xml:33:13-35:85
93                android:name="com.google.firebase.components:com.google.firebase.storage.StorageRegistrar"
93-->[com.google.firebase:firebase-storage:20.0.0] AndroidManifest.xml:34:17-107
94                android:value="com.google.firebase.components.ComponentRegistrar" />
94-->[com.google.firebase:firebase-storage:20.0.0] AndroidManifest.xml:35:17-82
95        </service>
96
97        <activity
97-->[com.google.firebase:firebase-auth:21.0.1] AndroidManifest.xml:27:9-44:20
98            android:name="com.google.firebase.auth.internal.GenericIdpActivity"
98-->[com.google.firebase:firebase-auth:21.0.1] AndroidManifest.xml:28:13-80
99            android:excludeFromRecents="true"
99-->[com.google.firebase:firebase-auth:21.0.1] AndroidManifest.xml:29:13-46
100            android:exported="true"
100-->[com.google.firebase:firebase-auth:21.0.1] AndroidManifest.xml:30:13-36
101            android:launchMode="singleTask"
101-->[com.google.firebase:firebase-auth:21.0.1] AndroidManifest.xml:31:13-44
102            android:theme="@android:style/Theme.Translucent.NoTitleBar" >
102-->[com.google.firebase:firebase-auth:21.0.1] AndroidManifest.xml:32:13-72
103            <intent-filter>
103-->[com.google.firebase:firebase-auth:21.0.1] AndroidManifest.xml:33:13-43:29
104                <action android:name="android.intent.action.VIEW" />
104-->[com.google.firebase:firebase-auth:21.0.1] AndroidManifest.xml:34:17-69
104-->[com.google.firebase:firebase-auth:21.0.1] AndroidManifest.xml:34:25-66
105
106                <category android:name="android.intent.category.DEFAULT" />
106-->[com.google.firebase:firebase-auth:21.0.1] AndroidManifest.xml:36:17-76
106-->[com.google.firebase:firebase-auth:21.0.1] AndroidManifest.xml:36:27-73
107                <category android:name="android.intent.category.BROWSABLE" />
107-->[com.google.firebase:firebase-auth:21.0.1] AndroidManifest.xml:37:17-78
107-->[com.google.firebase:firebase-auth:21.0.1] AndroidManifest.xml:37:27-75
108
109                <data
109-->[:file_picker] AndroidManifest.xml:13:13-44
110                    android:host="firebase.auth"
111                    android:path="/"
112                    android:scheme="genericidp" />
113            </intent-filter>
114        </activity>
115        <activity
115-->[com.google.firebase:firebase-auth:21.0.1] AndroidManifest.xml:45:9-62:20
116            android:name="com.google.firebase.auth.internal.RecaptchaActivity"
116-->[com.google.firebase:firebase-auth:21.0.1] AndroidManifest.xml:46:13-79
117            android:excludeFromRecents="true"
117-->[com.google.firebase:firebase-auth:21.0.1] AndroidManifest.xml:47:13-46
118            android:exported="true"
118-->[com.google.firebase:firebase-auth:21.0.1] AndroidManifest.xml:48:13-36
119            android:launchMode="singleTask"
119-->[com.google.firebase:firebase-auth:21.0.1] AndroidManifest.xml:49:13-44
120            android:theme="@android:style/Theme.Translucent.NoTitleBar" >
120-->[com.google.firebase:firebase-auth:21.0.1] AndroidManifest.xml:50:13-72
121            <intent-filter>
121-->[com.google.firebase:firebase-auth:21.0.1] AndroidManifest.xml:51:13-61:29
122                <action android:name="android.intent.action.VIEW" />
122-->[com.google.firebase:firebase-auth:21.0.1] AndroidManifest.xml:34:17-69
122-->[com.google.firebase:firebase-auth:21.0.1] AndroidManifest.xml:34:25-66
123
124                <category android:name="android.intent.category.DEFAULT" />
124-->[com.google.firebase:firebase-auth:21.0.1] AndroidManifest.xml:36:17-76
124-->[com.google.firebase:firebase-auth:21.0.1] AndroidManifest.xml:36:27-73
125                <category android:name="android.intent.category.BROWSABLE" />
125-->[com.google.firebase:firebase-auth:21.0.1] AndroidManifest.xml:37:17-78
125-->[com.google.firebase:firebase-auth:21.0.1] AndroidManifest.xml:37:27-75
126
127                <data
127-->[:file_picker] AndroidManifest.xml:13:13-44
128                    android:host="firebase.auth"
129                    android:path="/"
130                    android:scheme="recaptcha" />
131            </intent-filter>
132        </activity>
133
134        <service
134-->[com.google.firebase:firebase-auth:21.0.1] AndroidManifest.xml:64:9-73:19
135            android:name="com.google.firebase.auth.api.fallback.service.FirebaseAuthFallbackService"
135-->[com.google.firebase:firebase-auth:21.0.1] AndroidManifest.xml:65:13-101
136            android:enabled="true"
136-->[com.google.firebase:firebase-auth:21.0.1] AndroidManifest.xml:66:13-35
137            android:exported="false" >
137-->[com.google.firebase:firebase-auth:21.0.1] AndroidManifest.xml:67:13-37
138            <intent-filter>
138-->[com.google.firebase:firebase-auth:21.0.1] AndroidManifest.xml:68:13-72:29
139                <action android:name="com.google.firebase.auth.api.gms.service.START" />
139-->[com.google.firebase:firebase-auth:21.0.1] AndroidManifest.xml:69:17-89
139-->[com.google.firebase:firebase-auth:21.0.1] AndroidManifest.xml:69:25-86
140
141                <category android:name="android.intent.category.DEFAULT" />
141-->[com.google.firebase:firebase-auth:21.0.1] AndroidManifest.xml:36:17-76
141-->[com.google.firebase:firebase-auth:21.0.1] AndroidManifest.xml:36:27-73
142            </intent-filter>
143        </service>
144
145        <provider
145-->[com.google.firebase:firebase-common:20.0.0] AndroidManifest.xml:26:9-31:39
146            android:name="com.google.firebase.provider.FirebaseInitProvider"
146-->[com.google.firebase:firebase-common:20.0.0] AndroidManifest.xml:27:13-77
147            android:authorities="com.example.medifit360.firebaseinitprovider"
147-->[com.google.firebase:firebase-common:20.0.0] AndroidManifest.xml:28:13-72
148            android:directBootAware="true"
148-->[com.google.firebase:firebase-common:20.0.0] AndroidManifest.xml:29:13-43
149            android:exported="false"
149-->[com.google.firebase:firebase-common:20.0.0] AndroidManifest.xml:30:13-37
150            android:initOrder="100" />
150-->[com.google.firebase:firebase-common:20.0.0] AndroidManifest.xml:31:13-36
151
152        <activity
152-->[com.google.android.gms:play-services-base:17.1.0] AndroidManifest.xml:23:9-26:75
153            android:name="com.google.android.gms.common.api.GoogleApiActivity"
153-->[com.google.android.gms:play-services-base:17.1.0] AndroidManifest.xml:24:13-79
154            android:exported="false"
154-->[com.google.android.gms:play-services-base:17.1.0] AndroidManifest.xml:25:13-37
155            android:theme="@android:style/Theme.Translucent.NoTitleBar" />
155-->[com.google.android.gms:play-services-base:17.1.0] AndroidManifest.xml:26:13-72
156
157        <meta-data
157-->[com.google.android.gms:play-services-basement:17.1.0] AndroidManifest.xml:23:9-25:69
158            android:name="com.google.android.gms.version"
158-->[com.google.android.gms:play-services-basement:17.1.0] AndroidManifest.xml:24:13-58
159            android:value="@integer/google_play_services_version" />
159-->[com.google.android.gms:play-services-basement:17.1.0] AndroidManifest.xml:25:13-66
160    </application>
161
162</manifest>